0 info it worked if it ends with ok
1 verbose cli [ '/usr/local/bin/node',
1 verbose cli   '/usr/local/bin/npm',
1 verbose cli   'install',
1 verbose cli   '-g',
1 verbose cli   'less' ]
2 info using npm@2.14.7
3 info using node@v4.2.1
4 verbose install initial load of /usr/local/lib/package.json
5 verbose readDependencies loading dependencies from /usr/local/lib/package.json
6 silly cache add args [ 'less', null ]
7 verbose cache add spec less
8 silly cache add parsed spec Result {
8 silly cache add   raw: 'less',
8 silly cache add   scope: null,
8 silly cache add   name: 'less',
8 silly cache add   rawSpec: '',
8 silly cache add   spec: '*',
8 silly cache add   type: 'range' }
9 silly addNamed less@*
10 verbose addNamed "*" is a valid semver range for less
11 silly addNameRange { name: 'less', range: '*', hasData: false }
12 silly mapToRegistry name less
13 silly mapToRegistry using default registry
14 silly mapToRegistry registry https://registry.npmjs.org/
15 silly mapToRegistry uri https://registry.npmjs.org/less
16 verbose addNameRange registry:https://registry.npmjs.org/less not in flight; fetching
17 verbose request uri https://registry.npmjs.org/less
18 verbose request no auth needed
19 info attempt registry request try #1 at 14:31:25
20 verbose request id f2fb6944ea07c492
21 http request GET https://registry.npmjs.org/less
22 http 200 https://registry.npmjs.org/less
23 verbose headers { server: 'CouchDB/1.5.0 (Erlang OTP/R16B03)',
23 verbose headers   etag: '"68NXT7XJTO1WZ901X0LWXSU8S"',
23 verbose headers   'content-type': 'application/json',
23 verbose headers   'cache-control': 'max-age=60',
23 verbose headers   'content-length': '98449',
23 verbose headers   'accept-ranges': 'bytes',
23 verbose headers   date: 'Tue, 03 Nov 2015 13:31:21 GMT',
23 verbose headers   via: '1.1 varnish',
23 verbose headers   age: '39',
23 verbose headers   connection: 'keep-alive',
23 verbose headers   'x-served-by': 'cache-fra1232-FRA',
23 verbose headers   'x-cache': 'HIT',
23 verbose headers   'x-cache-hits': '1',
23 verbose headers   'x-timer': 'S1446557481.826134,VS0,VE1',
23 verbose headers   vary: 'Accept' }
24 silly get cb [ 200,
24 silly get   { server: 'CouchDB/1.5.0 (Erlang OTP/R16B03)',
24 silly get     etag: '"68NXT7XJTO1WZ901X0LWXSU8S"',
24 silly get     'content-type': 'application/json',
24 silly get     'cache-control': 'max-age=60',
24 silly get     'content-length': '98449',
24 silly get     'accept-ranges': 'bytes',
24 silly get     date: 'Tue, 03 Nov 2015 13:31:21 GMT',
24 silly get     via: '1.1 varnish',
24 silly get     age: '39',
24 silly get     connection: 'keep-alive',
24 silly get     'x-served-by': 'cache-fra1232-FRA',
24 silly get     'x-cache': 'HIT',
24 silly get     'x-cache-hits': '1',
24 silly get     'x-timer': 'S1446557481.826134,VS0,VE1',
24 silly get     vary: 'Accept' } ]
25 verbose get saving less to /Users/geoffreydumas/.npm/registry.npmjs.org/less/.cache.json
26 verbose makeDirectory /Users/geoffreydumas/.npm creation not in flight; initializing
27 silly makeDirectory /Users/geoffreydumas/.npm uid: 501 gid: 20
28 silly addNameRange number 2 { name: 'less', range: '*', hasData: true }
29 silly addNameRange versions [ 'less',
29 silly addNameRange   [ '1.0.10',
29 silly addNameRange     '1.0.11',
29 silly addNameRange     '1.0.14',
29 silly addNameRange     '1.0.18',
29 silly addNameRange     '1.0.19',
29 silly addNameRange     '1.0.21',
29 silly addNameRange     '1.0.32',
29 silly addNameRange     '1.0.36',
29 silly addNameRange     '1.0.5',
29 silly addNameRange     '1.0.40',
29 silly addNameRange     '1.0.41',
29 silly addNameRange     '1.0.44',
29 silly addNameRange     '1.1.0',
29 silly addNameRange     '1.1.1',
29 silly addNameRange     '1.1.2',
29 silly addNameRange     '1.1.4',
29 silly addNameRange     '1.1.5',
29 silly addNameRange     '1.1.6',
29 silly addNameRange     '1.2.0',
29 silly addNameRange     '1.2.1',
29 silly addNameRange     '1.2.2',
29 silly addNameRange     '1.3.0',
29 silly addNameRange     '1.3.1',
29 silly addNameRange     '1.3.2',
29 silly addNameRange     '1.3.3',
29 silly addNameRange     '1.4.0-b1',
29 silly addNameRange     '1.4.0-b2',
29 silly addNameRange     '1.4.0-b3',
29 silly addNameRange     '1.4.0-b4',
29 silly addNameRange     '1.4.0',
29 silly addNameRange     '1.4.1',
29 silly addNameRange     '1.4.2',
29 silly addNameRange     '1.5.0-b1',
29 silly addNameRange     '1.5.0-b2',
29 silly addNameRange     '1.5.0-b3',
29 silly addNameRange     '1.5.0-b4',
29 silly addNameRange     '1.5.0',
29 silly addNameRange     '1.5.1',
29 silly addNameRange     '1.6.0',
29 silly addNameRange     '1.6.1',
29 silly addNameRange     '1.6.2',
29 silly addNameRange     '1.6.3',
29 silly addNameRange     '1.7.0',
29 silly addNameRange     '1.7.1',
29 silly addNameRange     '1.7.3',
29 silly addNameRange     '1.7.4',
29 silly addNameRange     '1.7.5',
29 silly addNameRange     '2.0.0-b1',
29 silly addNameRange     '2.0.0-b2',
29 silly addNameRange     '2.0.0-b3',
29 silly addNameRange     '2.0.0',
29 silly addNameRange     '2.1.0',
29 silly addNameRange     '2.1.1',
29 silly addNameRange     '2.1.2',
29 silly addNameRange     '2.2.0',
29 silly addNameRange     '2.3.0',
29 silly addNameRange     '2.3.1',
29 silly addNameRange     '2.4.0',
29 silly addNameRange     '2.5.0',
29 silly addNameRange     '2.5.1',
29 silly addNameRange     '2.5.2',
29 silly addNameRange     '2.5.3' ] ]
30 silly addNamed less@2.5.3
31 verbose addNamed "2.5.3" is a plain semver version for less
32 silly mapToRegistry name less
33 silly mapToRegistry using default registry
34 silly mapToRegistry registry https://registry.npmjs.org/
35 silly mapToRegistry uri https://registry.npmjs.org/less
36 verbose addRemoteTarball https://registry.npmjs.org/less/-/less-2.5.3.tgz not in flight; adding
37 verbose addRemoteTarball [ 'https://registry.npmjs.org/less/-/less-2.5.3.tgz',
37 verbose addRemoteTarball   '9ff586e8a703515fc18dc99c7bc498d2f3ad4849' ]
38 info retry fetch attempt 1 at 14:31:27
39 info attempt registry request try #1 at 14:31:27
40 http fetch GET https://registry.npmjs.org/less/-/less-2.5.3.tgz
41 http fetch 200 https://registry.npmjs.org/less/-/less-2.5.3.tgz
42 silly fetchAndShaCheck shasum 9ff586e8a703515fc18dc99c7bc498d2f3ad4849
43 verbose addTmpTarball /var/folders/nl/n1hd5sj530n1wct4mlqth4x00000gn/T/npm-11381-fc26a459/registry.npmjs.org/less/-/less-2.5.3.tgz not in flight; adding
44 verbose addTmpTarball already have metadata; skipping unpack for less@2.5.3
45 silly cache afterAdd less@2.5.3
46 verbose afterAdd /Users/geoffreydumas/.npm/less/2.5.3/package/package.json not in flight; writing
47 verbose afterAdd /Users/geoffreydumas/.npm/less/2.5.3/package/package.json written
48 silly install resolved [ { name: 'less',
48 silly install resolved     version: '2.5.3',
48 silly install resolved     description: 'Leaner CSS',
48 silly install resolved     homepage: 'http://lesscss.org',
48 silly install resolved     author: { name: 'Alexis Sellier', email: 'self@cloudhead.net' },
48 silly install resolved     contributors: [ [Object] ],
48 silly install resolved     bugs: { url: 'https://github.com/less/less.js/issues' },
48 silly install resolved     repository: { type: 'git', url: 'git+https://github.com/less/less.js.git' },
48 silly install resolved     license: 'Apache-2.0',
48 silly install resolved     bin: { lessc: './bin/lessc' },
48 silly install resolved     main: 'index',
48 silly install resolved     directories: { test: './test' },
48 silly install resolved     jam: { main: './dist/less.js' },
48 silly install resolved     browser: './dist/less.js',
48 silly install resolved     engines: { node: '>=0.10.0' },
48 silly install resolved     scripts: { test: 'grunt test' },
48 silly install resolved     optionalDependencies:
48 silly install resolved      { errno: '^0.1.1',
48 silly install resolved        'graceful-fs': '^3.0.5',
48 silly install resolved        'image-size': '~0.3.5',
48 silly install resolved        mime: '^1.2.11',
48 silly install resolved        mkdirp: '^0.5.0',
48 silly install resolved        promise: '^6.0.1',
48 silly install resolved        request: '^2.51.0',
48 silly install resolved        'source-map': '^0.4.2' },
48 silly install resolved     devDependencies:
48 silly install resolved      { diff: '^1.0',
48 silly install resolved        grunt: '^0.4.5',
48 silly install resolved        'grunt-contrib-clean': '^0.6.0',
48 silly install resolved        'grunt-contrib-concat': '^0.5.0',
48 silly install resolved        'grunt-contrib-connect': '^0.9.0',
48 silly install resolved        'grunt-contrib-jasmine': '^0.8.2',
48 silly install resolved        'grunt-contrib-jshint': '^0.11.0',
48 silly install resolved        'grunt-contrib-uglify': '^0.8.0',
48 silly install resolved        'grunt-jscs': '^1.6.0',
48 silly install resolved        'grunt-shell': '^1.1.1',
48 silly install resolved        'grunt-browserify': '~3.5.0',
48 silly install resolved        'jit-grunt': '^0.9.1',
48 silly install resolved        'time-grunt': '^1.0.0',
48 silly install resolved        'grunt-saucelabs': '^8.3.2' },
48 silly install resolved     keywords:
48 silly install resolved      [ 'compile less',
48 silly install resolved        'css nesting',
48 silly install resolved        'css variable',
48 silly install resolved        'css',
48 silly install resolved        'gradients css',
48 silly install resolved        'gradients css3',
48 silly install resolved        'less compiler',
48 silly install resolved        'less css',
48 silly install resolved        'less mixins',
48 silly install resolved        'less',
48 silly install resolved        'less.js',
48 silly install resolved        'lesscss',
48 silly install resolved        'mixins',
48 silly install resolved        'nested css',
48 silly install resolved        'parser',
48 silly install resolved        'preprocessor',
48 silly install resolved        'bootstrap css',
48 silly install resolved        'bootstrap less',
48 silly install resolved        'style',
48 silly install resolved        'styles',
48 silly install resolved        'stylesheet',
48 silly install resolved        'variables in css',
48 silly install resolved        'css less' ],
48 silly install resolved     gitHead: '33fa72767e7474f3aedbbff83d8343217c08f58a',
48 silly install resolved     dependencies:
48 silly install resolved      { errno: '^0.1.1',
48 silly install resolved        'graceful-fs': '^3.0.5',
48 silly install resolved        'image-size': '~0.3.5',
48 silly install resolved        mime: '^1.2.11',
48 silly install resolved        mkdirp: '^0.5.0',
48 silly install resolved        promise: '^6.0.1',
48 silly install resolved        request: '^2.51.0',
48 silly install resolved        'source-map': '^0.4.2' },
48 silly install resolved     _id: 'less@2.5.3',
48 silly install resolved     _shasum: '9ff586e8a703515fc18dc99c7bc498d2f3ad4849',
48 silly install resolved     _from: 'less@*',
48 silly install resolved     _npmVersion: '3.3.3',
48 silly install resolved     _nodeVersion: '0.12.2',
48 silly install resolved     _npmUser: { name: 'agatronic', email: 'luke.a.page@gmail.com' },
48 silly install resolved     dist:
48 silly install resolved      { shasum: '9ff586e8a703515fc18dc99c7bc498d2f3ad4849',
48 silly install resolved        tarball: 'http://registry.npmjs.org/less/-/less-2.5.3.tgz' },
48 silly install resolved     maintainers: [ [Object], [Object] ],
48 silly install resolved     _resolved: 'https://registry.npmjs.org/less/-/less-2.5.3.tgz' } ]
49 info install less@2.5.3 into /usr/local/lib
50 info installOne less@2.5.3
51 verbose installOne of less to /usr/local/lib not in flight; installing
52 verbose makeDirectory /Users/geoffreydumas/.npm/_locks creation not in flight; initializing
53 silly makeDirectory /Users/geoffreydumas/.npm/_locks uid: 501 gid: 20
54 verbose lock using /Users/geoffreydumas/.npm/_locks/less-c2213c903e2e7354.lock for /usr/local/lib/node_modules/less
55 silly install write writing less 2.5.3 to /usr/local/lib/node_modules/less
56 verbose unbuild lib/node_modules/less
57 silly gentlyRm /usr/local/lib/node_modules/less is being purged from base /usr/local
58 verbose gentlyRm don't care about contents; nuking /usr/local/lib/node_modules/less
59 verbose tar unpack /Users/geoffreydumas/.npm/less/2.5.3/package.tgz
60 verbose tar unpacking to /usr/local/lib/node_modules/less
61 silly gentlyRm /usr/local/lib/node_modules/less is being purged
62 verbose gentlyRm don't care about contents; nuking /usr/local/lib/node_modules/less
63 silly gunzTarPerm modes [ '755', '644' ]
64 error tar.unpack untar error /Users/geoffreydumas/.npm/less/2.5.3/package.tgz
65 verbose unlock done using /Users/geoffreydumas/.npm/_locks/less-c2213c903e2e7354.lock for /usr/local/lib/node_modules/less
66 verbose fstream_path /usr/local/lib/node_modules/less
67 verbose fstream_type Directory
68 verbose fstream_class DirWriter
69 verbose stack Error: EACCES: permission denied, mkdir '/usr/local/lib/node_modules/less'
69 verbose stack     at Error (native)
70 verbose fstream_stack /usr/local/lib/node_modules/npm/node_modules/fstream/lib/dir-writer.js:35:25
70 verbose fstream_stack /usr/local/lib/node_modules/npm/node_modules/mkdirp/index.js:47:53
70 verbose fstream_stack FSReqWrap.oncomplete (fs.js:82:15)
71 verbose cwd /Applications/MAMP/htdocs/eapp/ProjetSymfony/M2-Blog-Symfony/blog-pratik
72 error Darwin 15.0.0
73 error argv "/usr/local/bin/node" "/usr/local/bin/npm" "install" "-g" "less"
74 error node v4.2.1
75 error npm  v2.14.7
76 error path /usr/local/lib/node_modules/less
77 error code EACCES
78 error errno -13
79 error syscall mkdir
80 error Error: EACCES: permission denied, mkdir '/usr/local/lib/node_modules/less'
80 error     at Error (native)
80 error  { [Error: EACCES: permission denied, mkdir '/usr/local/lib/node_modules/less']
80 error   errno: -13,
80 error   code: 'EACCES',
80 error   syscall: 'mkdir',
80 error   path: '/usr/local/lib/node_modules/less',
80 error   fstream_type: 'Directory',
80 error   fstream_path: '/usr/local/lib/node_modules/less',
80 error   fstream_class: 'DirWriter',
80 error   fstream_stack:
80 error    [ '/usr/local/lib/node_modules/npm/node_modules/fstream/lib/dir-writer.js:35:25',
80 error      '/usr/local/lib/node_modules/npm/node_modules/mkdirp/index.js:47:53',
80 error      'FSReqWrap.oncomplete (fs.js:82:15)' ] }
81 error Please try running this command again as root/Administrator.
82 verbose exit [ -13, true ]
83 verbose unbuild lib/node_modules/less
84 silly gentlyRm /usr/local/lib/node_modules/less is being purged from base /usr/local
85 verbose gentlyRm don't care about contents; nuking /usr/local/lib/node_modules/less
